<?xml version="1.0" encoding="utf-8"?><testsuites name="pytest tests"><testsuite name="pytest" errors="0" failures="0" skipped="0" tests="11" time="15.708" timestamp="2026-08-04T16:22:57.272023+00:00" hostname="agent-env-b349e4b6-cbf3-48b1-86ce-75dfa72b093f"><testcase classname="backend.tests.test_iteration_11_changes.TestDisabledEndpoints" name="test_dev_login_returns_410" time="0.311" /><testcase classname="backend.tests.test_iteration_11_changes.TestDisabledEndpoints" name="test_seed_anonymous_returns_401" time="0.197" /><testcase classname="backend.tests.test_iteration_11_changes.TestDisabledEndpoints" name="test_seed_admin_returns_disabled" time="0.468" /><testcase classname="backend.tests.test_iteration_11_changes.TestDashboardClean" name="test_dashboard_returns_zero_contracts" time="0.155" /><testcase classname="backend.tests.test_iteration_11_changes.TestContractCreateOptionalCounterparty" name="test_create_contract_without_counterparty" time="0.169" /><testcase classname="backend.tests.test_iteration_11_changes.TestContractCreateOptionalCounterparty" name="test_create_contract_with_all_fields" time="0.315" /><testcase classname="backend.tests.test_iteration_11_changes.TestContractPatch" name="test_patch_updates_fields" time="0.362" /><testcase classname="backend.tests.test_iteration_11_changes.TestContractPatch" name="test_patch_by_non_owner_returns_403" time="0.482" /><testcase classname="backend.tests.test_iteration_11_changes.TestContractDelete" name="test_delete_then_get_404" time="0.476" /><testcase classname="backend.tests.test_iteration_11_changes.TestAIExtract" name="test_extract_text_pdf" time="6.645" /><testcase classname="backend.tests.test_iteration_11_changes.TestAIExtract" name="test_extract_scanned_pdf" time="6.043" /></testsuite></testsuites>