<?xml version="1.0" encoding="utf-8"?><testsuites name="pytest tests"><testsuite name="pytest" errors="0" failures="0" skipped="0" tests="30" time="14.862" timestamp="2026-06-26T18:44:01.566147+00:00" hostname="agent-env-b349e4b6-cbf3-48b1-86ce-75dfa72b093f"><testcase classname="backend.tests.test_conexia_clm.TestHealthSeed" name="test_health_root" time="0.294" /><testcase classname="backend.tests.test_conexia_clm.TestHealthSeed" name="test_seed_v2_categories" time="0.200" /><testcase classname="backend.tests.test_conexia_clm.TestPasswordAuth" name="test_register_success" time="0.292" /><testcase classname="backend.tests.test_conexia_clm.TestPasswordAuth" name="test_register_duplicate_email_409" time="0.044" /><testcase classname="backend.tests.test_conexia_clm.TestPasswordAuth" name="test_register_weak_password_400" time="0.047" /><testcase classname="backend.tests.test_conexia_clm.TestPasswordAuth" name="test_login_success_and_invalid" time="0.587" /><testcase classname="backend.tests.test_conexia_clm.TestPasswordAuth" name="test_locale_set_en" time="0.363" /><testcase classname="backend.tests.test_conexia_clm.TestPasswordAuth" name="test_locale_invalid_400" time="0.047" /><testcase classname="backend.tests.test_conexia_clm.TestDevAuth" name="test_dev_login" time="0.052" /><testcase classname="backend.tests.test_conexia_clm.TestDevAuth" name="test_me_without_token" time="0.048" /><testcase classname="backend.tests.test_conexia_clm.TestDevAuth" name="test_me_invalid_token" time="0.046" /><testcase classname="backend.tests.test_conexia_clm.TestDashboard" name="test_dashboard_shape" time="0.050" /><testcase classname="backend.tests.test_conexia_clm.TestContracts" name="test_list_all" time="0.050" /><testcase classname="backend.tests.test_conexia_clm.TestContracts" name="test_filter_by_category_obras" time="0.050" /><testcase classname="backend.tests.test_conexia_clm.TestContracts" name="test_get_contract_detail_has_new_fields" time="0.107" /><testcase classname="backend.tests.test_conexia_clm.TestContracts" name="test_create_contract_with_category" time="0.053" /><testcase classname="backend.tests.test_conexia_clm.TestLifecycleAndSubModules" name="test_sign_rejects_non_approved_400" time="0.097" /><testcase classname="backend.tests.test_conexia_clm.TestLifecycleAndSubModules" name="test_add_risk" time="0.049" /><testcase classname="backend.tests.test_conexia_clm.TestLifecycleAndSubModules" name="test_add_modification" time="0.048" /><testcase classname="backend.tests.test_conexia_clm.TestLifecycleAndSubModules" name="test_add_payment_paid_increments_executed" time="0.100" /><testcase classname="backend.tests.test_conexia_clm.TestLifecycleAndSubModules" name="test_add_payment_pending_does_not_increment" time="0.094" /><testcase classname="backend.tests.test_conexia_clm.TestLifecycleAndSubModules" name="test_add_esf" time="0.050" /><testcase classname="backend.tests.test_conexia_clm.TestLifecycleAndSubModules" name="test_workflow_approval_then_sign" time="0.244" /><testcase classname="backend.tests.test_conexia_clm.TestLifecycleAndSubModules" name="test_create_addendum" time="0.054" /><testcase classname="backend.tests.test_conexia_clm.TestEvidence" name="test_create_and_list_evidence" time="0.145" /><testcase classname="backend.tests.test_conexia_clm.TestAI" name="test_ai_analyze" time="11.012" /><testcase classname="backend.tests.test_conexia_clm.TestContractDocument" name="test_document_requires_auth_401" time="0.212" /><testcase classname="backend.tests.test_conexia_clm.TestContractDocument" name="test_document_404_for_unknown_contract" time="0.052" /><testcase classname="backend.tests.test_conexia_clm.TestContractDocument" name="test_document_returns_html_200_with_all_sections" time="0.100" /><testcase classname="backend.tests.test_conexia_clm.TestContractDocument" name="test_document_seeded_lifecycle_contract_has_all_data" time="0.107" /></testsuite></testsuites>