<?xml version="1.0" encoding="utf-8"?><testsuites name="pytest tests"><testsuite name="pytest" errors="0" failures="0" skipped="0" tests="11" time="2.095" timestamp="2026-06-28T01:59:32.421454+00:00" hostname="agent-env-b349e4b6-cbf3-48b1-86ce-75dfa72b093f"><testcase classname="backend.tests.test_notifications.TestNotifications" name="test_requires_auth" time="0.493" /><testcase classname="backend.tests.test_notifications.TestNotifications" name="test_returns_items_and_count" time="0.101" /><testcase classname="backend.tests.test_notifications.TestNotifications" name="test_item_schema" time="0.143" /><testcase classname="backend.tests.test_notifications.TestNotifications" name="test_sorted_by_level" time="0.096" /><testcase classname="backend.tests.test_notifications.TestNotifications" name="test_aggregates_expiration_and_penalty_and_esf" time="0.413" /><testcase classname="backend.tests.test_notifications.TestRegression" name="test_dashboard_still_works" time="0.109" /><testcase classname="backend.tests.test_notifications.TestRegression" name="test_contracts_list" time="0.120" /><testcase classname="backend.tests.test_notifications.TestRegression" name="test_auth_me" time="0.145" /><testcase classname="backend.tests.test_notifications.TestRegression" name="test_locale" time="0.099" /><testcase classname="backend.tests.test_notifications.TestRegression" name="test_avatar_endpoint_exists" time="0.095" /><testcase classname="backend.tests.test_notifications.TestRegression" name="test_share_link_create" time="0.211" /></testsuite></testsuites>